<?xml version="1.0" encoding="UTF-8"?>
<!-- Generated by org.testng.reporters.JUnitReportReporter -->
<testsuite skipped="0" hostname="LAPTOP-9F5ANEPK" name="ukFlooringSale.UKFlooringSale" tests="1" failures="0" timestamp="2021-01-29T12:17:19 GMT" time="96.850" errors="0">
  <testcase name="flooringSale" time="96.850" classname="ukFlooringSale.UKFlooringSale"/>
</testsuite> <!-- ukFlooringSale.UKFlooringSale -->
