<?xml version="1.0" encoding="UTF-8"?>
<!-- Generated by org.testng.reporters.JUnitReportReporter -->
<testsuite skipped="0" hostname="LAPTOP-9F5ANEPK" name="frameWork.TC001_Login" tests="1" failures="0" timestamp="2021-01-29T21:53:15 GMT" time="22.637" errors="0">
  <testcase name="Login" time="22.637" classname="frameWork.TC001_Login"/>
</testsuite> <!-- frameWork.TC001_Login -->
