<?xml version="1.0" encoding="UTF-8"?>
<!-- Generated by org.testng.reporters.JUnitReportReporter -->
<testsuite skipped="0" hostname="LAPTOP-9F5ANEPK" name="steps.Runner" tests="2" failures="0" timestamp="2021-01-29T12:45:39 GMT" time="132.081" errors="0">
  <testcase name="runScenario" time="41.038" classname="steps.Runner"/>
  <testcase name="runScenario" time="91.043" classname="steps.Runner"/>
</testsuite> <!-- steps.Runner -->
