<?xml version="1.0" encoding="UTF-8"?>
<!-- Generated by org.testng.reporters.JUnitReportReporter -->
<testsuite skipped="0" hostname="LAPTOP-9F5ANEPK" name="frameWork.TC002_MyWishList" tests="2" failures="0" timestamp="2021-01-29T22:04:59 GMT" time="43.524" errors="0">
  <testcase name="MyWislist" time="18.402" classname="frameWork.TC002_MyWishList"/>
  <testcase name="Login" time="25.122" classname="frameWork.TC002_MyWishList"/>
</testsuite> <!-- frameWork.TC002_MyWishList -->
