<?xml version="1.0" encoding="UTF-8"?>
<!-- Generated by org.testng.reporters.JUnitReportReporter -->
<testsuite skipped="1" hostname="LAPTOP-9F5ANEPK" name="testCases.TC001_LoginLogout" tests="1" failures="0" timestamp="2021-01-29T11:15:19 GMT" time="0.000" errors="0">
  <testcase name="loginLogout" time="0.000" classname="testCases.TC001_LoginLogout">
    <skipped/>
  </testcase> <!-- loginLogout -->
</testsuite> <!-- testCases.TC001_LoginLogout -->
